This is pdfTeX, Version 3.141592653-2.6-1.40.25 (TeX Live 2023/Debian) (preloaded format=pdflatex 2026.3.23)  7 APR 2026 22:41
entering extended mode
 restricted \write18 enabled.
 file:line:error style messages enabled.
 %&-line parsing enabled.
**valv.tex
(./valv.tex
LaTeX2e <2023-11-01> patch level 1
L3 programming layer <2024-01-22>
(/usr/share/texlive/texmf-dist/tex/latex/base/article.cls
Document Class: article 2023/05/17 v1.4n Standard LaTeX document class
(/usr/share/texlive/texmf-dist/tex/latex/base/size12.clo
File: size12.clo 2023/05/17 v1.4n Standard LaTeX file (size option)
)
\c@part=\count187
\c@section=\count188
\c@subsection=\count189
\c@subsubsection=\count190
\c@paragraph=\count191
\c@subparagraph=\count192
\c@figure=\count193
\c@table=\count194
\abovecaptionskip=\skip48
\belowcaptionskip=\skip49
\bibindent=\dimen140
) (/usr/share/texlive/texmf-dist/tex/latex/graphics/graphicx.sty
Package: graphicx 2021/09/16 v1.2d Enhanced LaTeX Graphics (DPC,SPQR)
 (/usr/share/texlive/texmf-dist/tex/latex/graphics/keyval.sty
Package: keyval 2022/05/29 v1.15 key=value parser (DPC)
\KV@toks@=\toks17
) (/usr/share/texlive/texmf-dist/tex/latex/graphics/graphics.sty
Package: graphics 2022/03/10 v1.4e Standard LaTeX Graphics (DPC,SPQR)
 (/usr/share/texlive/texmf-dist/tex/latex/graphics/trig.sty
Package: trig 2021/08/11 v1.11 sin cos tan (DPC)
) (/usr/share/texlive/texmf-dist/tex/latex/graphics-cfg/graphics.cfg
File: graphics.cfg 2016/06/04 v1.11 sample graphics configuration
)
Package graphics Info: Driver file: pdftex.def on input line 107.
 (/usr/share/texlive/texmf-dist/tex/latex/graphics-def/pdftex.def
File: pdftex.def 2022/09/22 v1.2b Graphics/color driver for pdftex
))
\Gin@req@height=\dimen141
\Gin@req@width=\dimen142
) (/usr/share/texlive/texmf-dist/tex/latex/l3backend/l3backend-pdftex.def
File: l3backend-pdftex.def 2024-01-04 L3 backend support: PDF output (pdfTeX)
\l__color_backend_stack_int=\count195
\l__pdf_internal_box=\box51
) (./valv.aux)
\openout1 = `valv.aux'.

LaTeX Font Info:    Checking defaults for OML/cmm/m/it on input line 10.
LaTeX Font Info:    ... okay on input line 10.
LaTeX Font Info:    Checking defaults for OMS/cmsy/m/n on input line 10.
LaTeX Font Info:    ... okay on input line 10.
LaTeX Font Info:    Checking defaults for OT1/cmr/m/n on input line 10.
LaTeX Font Info:    ... okay on input line 10.
LaTeX Font Info:    Checking defaults for T1/cmr/m/n on input line 10.
LaTeX Font Info:    ... okay on input line 10.
LaTeX Font Info:    Checking defaults for TS1/cmr/m/n on input line 10.
LaTeX Font Info:    ... okay on input line 10.
LaTeX Font Info:    Checking defaults for OMX/cmex/m/n on input line 10.
LaTeX Font Info:    ... okay on input line 10.
LaTeX Font Info:    Checking defaults for U/cmr/m/n on input line 10.
LaTeX Font Info:    ... okay on input line 10.
 (/usr/share/texlive/texmf-dist/tex/context/base/mkii/supp-pdf.mkii
[Loading MPS to PDF converter (version 2006.09.02).]
\scratchcounter=\count196
\scratchdimen=\dimen143
\scratchbox=\box52
\nofMPsegments=\count197
\nofMParguments=\count198
\everyMPshowfont=\toks18
\MPscratchCnt=\count199
\MPscratchDim=\dimen144
\MPnumerator=\count266
\makeMPintoPDFobject=\count267
\everyMPtoPDFconversion=\toks19
) (/usr/share/texlive/texmf-dist/tex/latex/epstopdf-pkg/epstopdf-base.sty
Package: epstopdf-base 2020-01-24 v2.11 Base part for package epstopdf
Package epstopdf-base Info: Redefining graphics rule for `.eps' on input line 485.
 (/usr/share/texlive/texmf-dist/tex/latex/latexconfig/epstopdf-sys.cfg
File: epstopdf-sys.cfg 2010/07/13 v1.3 Configuration of (r)epstopdf for TeX Live
))
LaTeX Font Info:    External font `cmex10' loaded for size
(Font)              <14.4> on input line 11.
LaTeX Font Info:    External font `cmex10' loaded for size
(Font)              <7> on input line 11.
<imagenes/tree-dambreak.png, id=1, 461.725pt x 435.6275pt>
File: imagenes/tree-dambreak.png Graphic file (type png)
<use imagenes/tree-dambreak.png>
Package pdftex.def Info: imagenes/tree-dambreak.png  used on input line 22.
(pdftex.def)             Requested size: 195.0pt x 183.97931pt.

Underfull \hbox (badness 10000) in paragraph at lines 26--28

 []

[1

{/var/lib/texmf/fonts/map/pdftex/updmap/pdftex.map} <./imagenes/tree-dambreak.png>]
Underfull \hbox (badness 10000) in paragraph at lines 37--38

 []


Underfull \hbox (badness 10000) in paragraph at lines 39--40

 []

<imagenes/modelo_3d.png, id=13, 1849.91125pt x 1036.87375pt>
File: imagenes/modelo_3d.png Graphic file (type png)
<use imagenes/modelo_3d.png>
Package pdftex.def Info: imagenes/modelo_3d.png  used on input line 43.
(pdftex.def)             Requested size: 350.99762pt x 196.72327pt.

LaTeX Warning: `h' float specifier changed to `ht'.


Underfull \hbox (badness 10000) in paragraph at lines 47--48

 []

[2]
Underfull \hbox (badness 10000) in paragraph at lines 58--59

 []


Underfull \hbox (badness 10000) in paragraph at lines 60--63

 []

[3 <./imagenes/modelo_3d.png>]
Underfull \hbox (badness 10000) in paragraph at lines 64--65

 []


Overfull \hbox (42.49135pt too wide) in paragraph at lines 72--73
\OT1/cmr/m/n/12 Para flujo tur-bu-lento ten-emos que mod-i-ficar el archivo con-stant/momentumTransport
 []


Underfull \hbox (badness 10000) in paragraph at lines 72--73

 []

<imagenes/ras_file.png, id=21, 245.91875pt x 219.82124pt>
File: imagenes/ras_file.png Graphic file (type png)
<use imagenes/ras_file.png>
Package pdftex.def Info: imagenes/ras_file.png  used on input line 76.
(pdftex.def)             Requested size: 117.00119pt x 104.58388pt.
[4 <./imagenes/ras_file.png>]
Underfull \hbox (badness 10000) in paragraph at lines 91--92

 []

<imagenes/funciones.png, id=26, 205.76875pt x 260.975pt>
File: imagenes/funciones.png Graphic file (type png)
<use imagenes/funciones.png>
Package pdftex.def Info: imagenes/funciones.png  used on input line 101.
(pdftex.def)             Requested size: 155.99762pt x 197.84927pt.
<imagenes/probes_function.png, id=27, 350.30875pt x 377.41pt>
File: imagenes/probes_function.png Graphic file (type png)
<use imagenes/probes_function.png>
Package pdftex.def Info: imagenes/probes_function.png  used on input line 110.
(pdftex.def)             Requested size: 155.99762pt x 168.07072pt.

LaTeX Warning: `h' float specifier changed to `ht'.


Overfull \hbox (4.75703pt too wide) in paragraph at lines 116--117
\OT1/cmr/m/n/12 Para cor-rer el pro-grama us-amos foam-Run y para mostrar es-cribi-mos paraFoam
 []

[5 <./imagenes/funciones.png>]
<imagenes/fluido_mov1.png, id=32, 863.225pt x 285.065pt>
File: imagenes/fluido_mov1.png Graphic file (type png)
<use imagenes/fluido_mov1.png>
Package pdftex.def Info: imagenes/fluido_mov1.png  used on input line 120.
(pdftex.def)             Requested size: 234.00238pt x 77.27306pt.
 [6 <./imagenes/probes_function.png> <./imagenes/fluido_mov1.png>] (./valv.aux)
 ***********
LaTeX2e <2023-11-01> patch level 1
L3 programming layer <2024-01-22>
 ***********
 ) 
Here is how much of TeX's memory you used:
 1340 strings out of 476182
 22595 string characters out of 5795595
 1929975 words of memory out of 5000000
 23384 multiletter control sequences out of 15000+600000
 560829 words of font info for 45 fonts, out of 8000000 for 9000
 14 hyphenation exceptions out of 8191
 57i,7n,65p,718b,231s stack positions out of 10000i,1000n,20000p,200000b,200000s
 </home/astormy/.texlive2023/texmf-var/fonts/pk/ljfour/jknappen/ec/tcrm1200.600pk></usr/share/texlive/texmf-dist/fonts/type1/public/amsfonts/cm/cmbx12.pfb></usr/share/texlive/texmf-dist/fonts/type1/public/amsfonts/cm/cmr12.pfb></usr/share/texlive/texmf-dist/fonts/type1/public/amsfonts/cm/cmr17.pfb>
Output written on valv.pdf (6 pages, 242266 bytes).
PDF statistics:
 57 PDF objects out of 1000 (max. 8388607)
 28 compressed objects within 1 object stream
 0 named destinations out of 1000 (max. 500000)
 31 words of extra memory for PDF output out of 10000 (max. 10000000)

